
> frontend@0.1.0 build
> next build

   ▲ Next.js 15.3.1

   Creating an optimized production build ...
 ✓ Compiled successfully in 4.0s
   Linting and checking validity of types ...
Failed to compile.

./app/lobby/page.tsx:200:32
Type error: Parameter 'e' implicitly has an 'any' type.

[0m [90m 198 |[39m     }[33m,[39m [])[33m;[39m[0m
[0m [90m 199 |[39m[0m
[0m[31m[1m>[22m[39m[90m 200 |[39m     [36mconst[39m handleCreateLobby [33m=[39m (e) [33m=>[39m {[0m
[0m [90m     |[39m                                [31m[1m^[22m[39m[0m
[0m [90m 201 |[39m         e[33m.[39mpreventDefault()[33m;[39m[0m
[0m [90m 202 |[39m         [36mif[39m (username[33m.[39mtrim()[33m.[39mlength [33m===[39m [35m0[39m) {[0m
[0m [90m 203 |[39m             setError([32m'Please enter your name'[39m)[33m;[39m[0m
Next.js build worker exited with code: 1 and signal: null

> frontend@0.1.0 build
> next build

   ▲ Next.js 15.3.1

   Creating an optimized production build ...
 ✓ Compiled successfully in 2000ms
   Linting and checking validity of types ...
Failed to compile.

./app/lobby/page.tsx:200:32
Type error: Parameter 'e' implicitly has an 'any' type.

[0m [90m 198 |[39m     }[33m,[39m [])[33m;[39m[0m
[0m [90m 199 |[39m[0m
[0m[31m[1m>[22m[39m[90m 200 |[39m     [36mconst[39m handleCreateLobby [33m=[39m (e) [33m=>[39m {[0m
[0m [90m     |[39m                                [31m[1m^[22m[39m[0m
[0m [90m 201 |[39m         e[33m.[39mpreventDefault()[33m;[39m[0m
[0m [90m 202 |[39m         [36mif[39m (username[33m.[39mtrim()[33m.[39mlength [33m===[39m [35m0[39m) {[0m
[0m [90m 203 |[39m             setError([32m'Please enter your name'[39m)[33m;[39m[0m
Next.js build worker exited with code: 1 and signal: null

> frontend@0.1.0 build
> next build

   ▲ Next.js 15.3.1

   Creating an optimized production build ...
 ✓ Compiled successfully in 2000ms
   Linting and checking validity of types ...
Failed to compile.

./app/lobby/page.tsx:200:32
Type error: Parameter 'e' implicitly has an 'any' type.

[0m [90m 198 |[39m     }[33m,[39m [])[33m;[39m[0m
[0m [90m 199 |[39m[0m
[0m[31m[1m>[22m[39m[90m 200 |[39m     [36mconst[39m handleCreateLobby [33m=[39m (e) [33m=>[39m {[0m
[0m [90m     |[39m                                [31m[1m^[22m[39m[0m
[0m [90m 201 |[39m         e[33m.[39mpreventDefault()[33m;[39m[0m
[0m [90m 202 |[39m         [36mif[39m (username[33m.[39mtrim()[33m.[39mlength [33m===[39m [35m0[39m) {[0m
[0m [90m 203 |[39m             setError([32m'Please enter your name'[39m)[33m;[39m[0m
Next.js build worker exited with code: 1 and signal: null

> frontend@0.1.0 build
> next build

   ▲ Next.js 15.3.1

   Creating an optimized production build ...
 ✓ Compiled successfully in 2000ms
   Linting and checking validity of types ...
Failed to compile.

./app/lobby/page.tsx:200:32
Type error: Parameter 'e' implicitly has an 'any' type.

[0m [90m 198 |[39m     }[33m,[39m [])[33m;[39m[0m
[0m [90m 199 |[39m[0m
[0m[31m[1m>[22m[39m[90m 200 |[39m     [36mconst[39m handleCreateLobby [33m=[39m (e) [33m=>[39m {[0m
[0m [90m     |[39m                                [31m[1m^[22m[39m[0m
[0m [90m 201 |[39m         e[33m.[39mpreventDefault()[33m;[39m[0m
[0m [90m 202 |[39m         [36mif[39m (username[33m.[39mtrim()[33m.[39mlength [33m===[39m [35m0[39m) {[0m
[0m [90m 203 |[39m             setError([32m'Please enter your name'[39m)[33m;[39m[0m
Next.js build worker exited with code: 1 and signal: null

> frontend@0.1.0 build
> next build

   ▲ Next.js 15.3.1

   Creating an optimized production build ...
 ✓ Compiled successfully in 2000ms
   Linting and checking validity of types ...
Failed to compile.

./app/lobby/page.tsx:200:32
Type error: Parameter 'e' implicitly has an 'any' type.

[0m [90m 198 |[39m     }[33m,[39m [])[33m;[39m[0m
[0m [90m 199 |[39m[0m
[0m[31m[1m>[22m[39m[90m 200 |[39m     [36mconst[39m handleCreateLobby [33m=[39m (e) [33m=>[39m {[0m
[0m [90m     |[39m                                [31m[1m^[22m[39m[0m
[0m [90m 201 |[39m         e[33m.[39mpreventDefault()[33m;[39m[0m
[0m [90m 202 |[39m         [36mif[39m (username[33m.[39mtrim()[33m.[39mlength [33m===[39m [35m0[39m) {[0m
[0m [90m 203 |[39m             setError([32m'Please enter your name'[39m)[33m;[39m[0m
Next.js build worker exited with code: 1 and signal: null
