Sat Apr 19 14:12:10 PDT 2025 - Starting servers

> frontend@0.1.0 build
> next build

   ▲ Next.js 15.3.1

   Creating an optimized production build ...
 ✓ Compiled successfully in 1000ms
   Linting and checking validity of types ...
   Collecting page data ...
   Generating static pages (0/6) ...
   Generating static pages (1/6) 
   Generating static pages (2/6) 
   Generating static pages (4/6) 
 ✓ Generating static pages (6/6)
   Finalizing page optimization ...
   Collecting build traces ...

Route (app)                                 Size  First Load JS
┌ ○ /                                      172 B         105 kB
├ ○ /_not-found                            977 B         102 kB
└ ○ /lobby                               16.9 kB         121 kB
+ First Load JS shared by all             101 kB
  ├ chunks/4bd1b696-e6f055947a7dc434.js  53.2 kB
  ├ chunks/684-112ea760ad17b65f.js       45.9 kB
  └ other shared chunks (total)          1.92 kB


○  (Static)  prerendered as static content

{"level":"info","ts":1745097145.020455,"msg":"maxprocs: Leaving GOMAXPROCS=14: CPU quota undefined"}
{"level":"info","ts":1745097145.0205052,"msg":"GOMEMLIMIT is updated","package":"github.com/KimMachineGun/automemlimit/memlimit","GOMEMLIMIT":34789235097,"previous":9223372036854775807}
{"level":"info","ts":1745097145.0205529,"msg":"using adjacent Caddyfile"}
{"level":"info","ts":1745097145.02113,"msg":"adapted config to JSON","adapter":"caddyfile"}
{"level":"warn","ts":1745097145.0211499,"msg":"Caddyfile input is not formatted; run 'caddy fmt --overwrite' to fix inconsistencies","adapter":"caddyfile","file":"Caddyfile","line":10}
{"level":"warn","ts":1745097145.0213819,"logger":"admin","msg":"admin endpoint disabled"}
{"level":"warn","ts":1745097145.021441,"logger":"http.auto_https","msg":"server is listening only on the HTTP port, so no automatic HTTPS will be applied to this server","server_name":"srv0","http_port":25571}
{"level":"info","ts":1745097145.0214558,"logger":"tls.cache.maintenance","msg":"started background certificate maintenance","cache":"0x14000676700"}
{"level":"warn","ts":1745097145.0228999,"logger":"http","msg":"HTTP/2 skipped because it requires TLS","network":"tcp","addr":":25571"}
{"level":"warn","ts":1745097145.0229151,"logger":"http","msg":"HTTP/3 skipped because it requires TLS","network":"tcp","addr":":25571"}
{"level":"info","ts":1745097145.022919,"logger":"http.log","msg":"server running","name":"srv0","protocols":["h1","h2","h3"]}
{"level":"info","ts":1745097145.023066,"msg":"autosaved config (load with --resume flag)","file":"/Users/gdmagana/Library/Application Support/Caddy/autosave.json"}
{"level":"info","ts":1745097145.023072,"msg":"serving initial configuration"}
{"level":"info","ts":1745097145.0286982,"logger":"tls","msg":"storage cleaning happened too recently; skipping for now","storage":"FileStorage:/Users/gdmagana/Library/Application Support/Caddy","instance":"c1b27db1-9e6a-4b10-acce-ad9733953ed5","try_again":1745183545.028695,"try_again_in":86399.99999975}
{"level":"info","ts":1745097145.028827,"logger":"tls","msg":"finished cleaning storage units"}

> frontend@0.1.0 start
> next start

   ▲ Next.js 15.3.1
   - Local:        http://localhost:3000
   - Network:      http://10.28.129.71:3000

 ✓ Starting...
 ✓ Ready in 362ms
{"level":"info","ts":1745097186.290879,"msg":"shutting down apps, then terminating","signal":"SIGTERM"}
{"level":"warn","ts":1745097186.290934,"msg":"exiting; byeee!! 👋","signal":"SIGTERM"}
{"level":"info","ts":1745097186.290983,"logger":"http","msg":"servers shutting down with eternal grace period"}
{"level":"info","ts":1745097186.2911491,"msg":"shutdown complete","signal":"SIGTERM","exit_code":0}
